<?xml version="1.0" encoding="utf-8"?><testsuites name="pytest tests"><testsuite name="pytest" errors="0" failures="0" skipped="0" tests="10" time="4.336" timestamp="2026-06-25T09:46:25.394279+00:00" hostname="agent-env-e15442d8-6202-4748-ba56-f6773d36d41d"><testcase classname="tests.test_rentabilidade" name="test_api_root" time="0.164" /><testcase classname="tests.test_rentabilidade" name="test_cardex_upload_xls" time="0.524" /><testcase classname="tests.test_rentabilidade" name="test_cardex_get_after_upload" time="0.209" /><testcase classname="tests.test_rentabilidade" name="test_cardex_upload_rejects_non_xlsx" time="0.151" /><testcase classname="tests.test_rentabilidade" name="test_analysis_upload_requires_txt" time="0.153" /><testcase classname="tests.test_rentabilidade" name="test_analysis_upload_txt_success" time="0.683" /><testcase classname="tests.test_rentabilidade" name="test_analysis_latest" time="0.159" /><testcase classname="tests.test_rentabilidade" name="test_analysis_list_and_get_by_id" time="0.320" /><testcase classname="tests.test_rentabilidade" name="test_analysis_get_not_found" time="0.131" /><testcase classname="tests.test_rentabilidade" name="test_analysis_requires_cardex" time="0.688" /></testsuite></testsuites>